[2012-04-02 22:30:21] request.ERROR: Symfony\Component\HttpKernel\Exception\NotFoundHttpException: No route found for "GET /" (uncaught exception) at C:\Dropbox\www\defacto\license-tracker\vendor\symfony\src\Symfony\Bundle\FrameworkBundle\EventListener\RouterListener.php line 83 [] []
[2012-04-02 22:57:17] request.ERROR: Symfony\Component\HttpKernel\Exception\NotFoundHttpException: No route found for "GET /js/bootstrap.js" (uncaught exception) at C:\Dropbox\www\defacto\license-tracker\vendor\symfony\src\Symfony\Bundle\FrameworkBundle\EventListener\RouterListener.php line 83 [] []
[2012-04-02 22:57:17] request.ERROR: Symfony\Component\HttpKernel\Exception\NotFoundHttpException: No route found for "GET /css/bootstrap.css" (uncaught exception) at C:\Dropbox\www\defacto\license-tracker\vendor\symfony\src\Symfony\Bundle\FrameworkBundle\EventListener\RouterListener.php line 83 [] []
[2012-04-02 22:59:15] request.ERROR: Symfony\Component\HttpKernel\Exception\NotFoundHttpException: No route found for "GET /js/bootstrap.js" (uncaught exception) at C:\Dropbox\www\defacto\license-tracker\app\cache\prod\classes.php line 4564 [] []
[2012-04-02 22:59:15] request.ERROR: Symfony\Component\HttpKernel\Exception\NotFoundHttpException: No route found for "GET /css/license-tracker.css" (uncaught exception) at C:\Dropbox\www\defacto\license-tracker\app\cache\prod\classes.php line 4564 [] []
[2012-04-02 22:59:15] request.ERROR: Symfony\Component\HttpKernel\Exception\NotFoundHttpException: No route found for "GET /css/bootstrap.css" (uncaught exception) at C:\Dropbox\www\defacto\license-tracker\app\cache\prod\classes.php line 4564 [] []
[2012-04-02 22:59:33] request.ERROR: Symfony\Component\HttpKernel\Exception\NotFoundHttpException: No route found for "GET /css/license-tracker.css" (uncaught exception) at C:\Dropbox\www\defacto\license-tracker\app\cache\prod\classes.php line 4564 [] []
[2012-04-02 22:59:33] request.ERROR: Symfony\Component\HttpKernel\Exception\NotFoundHttpException: No route found for "GET /css/bootstrap.css" (uncaught exception) at C:\Dropbox\www\defacto\license-tracker\app\cache\prod\classes.php line 4564 [] []
[2012-04-02 22:59:33] request.ERROR: Symfony\Component\HttpKernel\Exception\NotFoundHttpException: No route found for "GET /js/bootstrap.js" (uncaught exception) at C:\Dropbox\www\defacto\license-tracker\app\cache\prod\classes.php line 4564 [] []
[2012-04-02 23:03:51] request.ERROR: Symfony\Component\HttpKernel\Exception\NotFoundHttpException: No route found for "GET /js/bootstrap.js" (uncaught exception) at C:\Dropbox\www\defacto\license-tracker\app\cache\prod\classes.php line 4564 [] []
[2012-04-02 23:03:51] request.ERROR: Symfony\Component\HttpKernel\Exception\NotFoundHttpException: No route found for "GET /css/bootstrap.css" (uncaught exception) at C:\Dropbox\www\defacto\license-tracker\app\cache\prod\classes.php line 4564 [] []
[2012-04-02 23:03:51] request.ERROR: Symfony\Component\HttpKernel\Exception\NotFoundHttpException: No route found for "GET /css/license-tracker.css" (uncaught exception) at C:\Dropbox\www\defacto\license-tracker\app\cache\prod\classes.php line 4564 [] []
[2012-04-02 23:04:04] request.ERROR: Symfony\Component\HttpKernel\Exception\NotFoundHttpException: No route found for "GET /js/bootstrap.js" (uncaught exception) at C:\Dropbox\www\defacto\license-tracker\app\cache\prod\classes.php line 4564 [] []
[2012-04-02 23:04:04] request.ERROR: Symfony\Component\HttpKernel\Exception\NotFoundHttpException: No route found for "GET /css/bootstrap.css" (uncaught exception) at C:\Dropbox\www\defacto\license-tracker\app\cache\prod\classes.php line 4564 [] []
[2012-04-02 23:04:04] request.ERROR: Symfony\Component\HttpKernel\Exception\NotFoundHttpException: No route found for "GET /css/license-tracker.css" (uncaught exception) at C:\Dropbox\www\defacto\license-tracker\app\cache\prod\classes.php line 4564 [] []
[2012-04-02 23:04:05] request.ERROR: Symfony\Component\HttpKernel\Exception\NotFoundHttpException: No route found for "GET /css/license-tracker.css" (uncaught exception) at C:\Dropbox\www\defacto\license-tracker\app\cache\prod\classes.php line 4564 [] []
[2012-04-02 23:04:05] request.ERROR: Symfony\Component\HttpKernel\Exception\NotFoundHttpException: No route found for "GET /css/bootstrap.css" (uncaught exception) at C:\Dropbox\www\defacto\license-tracker\app\cache\prod\classes.php line 4564 [] []
[2012-04-02 23:04:05] request.ERROR: Symfony\Component\HttpKernel\Exception\NotFoundHttpException: No route found for "GET /js/bootstrap.js" (uncaught exception) at C:\Dropbox\www\defacto\license-tracker\app\cache\prod\classes.php line 4564 [] []
[2012-04-02 23:04:06] request.ERROR: Symfony\Component\HttpKernel\Exception\NotFoundHttpException: No route found for "GET /js/bootstrap.js" (uncaught exception) at C:\Dropbox\www\defacto\license-tracker\app\cache\prod\classes.php line 4564 [] []
[2012-04-02 23:04:06] request.ERROR: Symfony\Component\HttpKernel\Exception\NotFoundHttpException: No route found for "GET /css/license-tracker.css" (uncaught exception) at C:\Dropbox\www\defacto\license-tracker\app\cache\prod\classes.php line 4564 [] []
[2012-04-02 23:04:06] request.ERROR: Symfony\Component\HttpKernel\Exception\NotFoundHttpException: No route found for "GET /css/bootstrap.css" (uncaught exception) at C:\Dropbox\www\defacto\license-tracker\app\cache\prod\classes.php line 4564 [] []
[2012-04-02 23:04:11] request.ERROR: Symfony\Component\HttpKernel\Exception\NotFoundHttpException: No route found for "GET /js/bootstrap.js" (uncaught exception) at C:\Dropbox\www\defacto\license-tracker\app\cache\prod\classes.php line 4564 [] []
[2012-04-02 23:04:11] request.ERROR: Symfony\Component\HttpKernel\Exception\NotFoundHttpException: No route found for "GET /css/bootstrap.css" (uncaught exception) at C:\Dropbox\www\defacto\license-tracker\app\cache\prod\classes.php line 4564 [] []
[2012-04-02 23:04:11] request.ERROR: Symfony\Component\HttpKernel\Exception\NotFoundHttpException: No route found for "GET /css/license-tracker.css" (uncaught exception) at C:\Dropbox\www\defacto\license-tracker\app\cache\prod\classes.php line 4564 [] []
[2012-04-02 23:04:27] request.ERROR: Symfony\Component\HttpKernel\Exception\NotFoundHttpException: No route found for "GET /css/bootstrap.css" (uncaught exception) at C:\Dropbox\www\defacto\license-tracker\app\cache\prod\classes.php line 4564 [] []
[2012-04-02 23:09:04] request.ERROR: Symfony\Component\HttpKernel\Exception\NotFoundHttpException: No route found for "GET /js/bootstrap.js" (uncaught exception) at C:\Dropbox\www\defacto\license-tracker\app\cache\prod\classes.php line 4564 [] []
[2012-04-11 18:02:33] request.ERROR: Symfony\Component\HttpKernel\Exception\NotFoundHttpException: No route found for "GET /" (uncaught exception) at C:\Dropbox\www\defacto\license-tracker\app\cache\prod\classes.php line 4564 [] []
[2012-04-11 18:02:39] request.ERROR: Symfony\Component\HttpKernel\Exception\NotFoundHttpException: No route found for "GET /" (uncaught exception) at C:\Dropbox\www\defacto\license-tracker\app\cache\prod\classes.php line 4564 [] []
